<?xml version="1.0" encoding="UTF-8"?>
<Collection>
<ShortName>PYCMR_TEST</ShortName>
<VersionId>0</VersionId>
<InsertTime>2015-01-13T12:13:37Z</InsertTime>
<LastUpdate>2015-09-14T13:35:47Z</LastUpdate>
<LongName>NRT AMSR2 L2B GLOBAL SWATH GSFC PROFILING ALGORITHM 2010: SURFACE PRECIPITATION, WIND SPEED OVER OCEAN, WATER VAPOR OVER OCEAN AND CLOUD LIQUID WATER OVER OCEAN</LongName>
<DataSetId>PYCMR TEST COLLECTION</DataSetId>
<Description>The Advanced Microwave Scanning Radiometer 2 (AMSR2) instrument on the Global Change Observation Mission - Water 1 (GCOM-W1) provides global passive microwave measurements of terrestrial, oceanic, and atmospheric parameters for the investigation of global water and energy cycles.  Near real-time (NRT) products are generated within 3 hours of the last observations in the file, by the Land Atmosphere Near real-time Capability for EOS (LANCE) at the AMSR Science Investigator-led Processing System (AMSR SIPS), which is collocated with the Global Hydrology Resource Center (GHRC) DAAC.  The GCOM-W1 AMSR2 Level-2B rain and ocean products include global precipitation and ocean parameters (not including Sea Surface Temperatures), calculated by the Goddard PROFiling algorithm (GPROF) 2010 version using as input the resampled brightness temperature (Level-1R) data provided by the Japanese Aerospace Exploration Agency (JAXA).  Data are stored in HDF-EOS5 format and are available via HTTP from the EOSDIS LANCE system at https://lance.nsstc.nasa.gov/amsr2-science/data/level2/rainocean/.  If data latency is not a primary concern, please consider using science quality products.  Science products are created using the best available ancillary, calibration and ephemeris information.  Science quality products are an internally consistent, well-calibrated record of the Earth's geophysical properties to support science.  The AMSR SIPS plans to start producing initial AMSR2 standard science quality data products in late 2015 and they will be available from the NSIDC DAAC.  Notice: All LANCE AMSR2 data should be used with the understanding that these are preliminary products.  Cross calibration with AMSR-E products has not been performed.  As updates are made to the L1R data set, those changes will be reflected in this higher level product.</Description>
<CollectionDataType>NEAR_REAL_TIME</CollectionDataType>
<Orderable>false</Orderable>
<Visible>true</Visible>
<ProcessingLevelId>2B</ProcessingLevelId>
<ArchiveCenter>GHRC</ArchiveCenter>
<CitationForExternalPublication>Kummerow, C. and R. Ferraro. 2015. NRT AMSR2 L2B Global Swath GSFC Profiling Algorithm 2010:  Surface Precipitation, Wind Speed over Ocean, Water Vapor over Ocean and Cloud Liquid Water over Ocean [indicate subset used]. Dataset available online, [https://lance.nsstc.nasa.gov/amsr2-science/data/level2/rainocean/] from NASA LANCE AMSR2 at the GHRC DAAC Huntsville, Alabama, U.S.A. doi: http://dx.doi.org/10.5067/AMSR2/A2_RainOcn_NRT</CitationForExternalPublication><Price>0.0</Price><SpatialKeywords>
<Keyword>GLOBAL</Keyword></SpatialKeywords><TemporalKeywords>
<Keyword>HALF ORBIT</Keyword></TemporalKeywords><Temporal><RangeDateTime>
<BeginningDateTime>2015-01-15T20:37:46Z</BeginningDateTime></RangeDateTime></Temporal><Contacts><Contact>
<Role>GHRC USER SERVICES</Role><OrganizationEmails>
<Email>ghrc-dmg@itsc.uah.edu</Email></OrganizationEmails></Contact></Contacts><ScienceKeywords><ScienceKeyword>
<CategoryKeyword>EARTH SCIENCE</CategoryKeyword>
<TopicKeyword>ATMOSPHERE</TopicKeyword>
<TermKeyword>ATMOSPHERIC WATER VAPOR</TermKeyword><VariableLevel1Keyword>
<Value>PRECIPITABLE WATER</Value></VariableLevel1Keyword></ScienceKeyword><ScienceKeyword>
<CategoryKeyword>EARTH SCIENCE</CategoryKeyword>
<TopicKeyword>ATMOSPHERE</TopicKeyword>
<TermKeyword>ATMOSPHERIC WATER VAPOR</TermKeyword><VariableLevel1Keyword>
<Value>WATER VAPOR</Value></VariableLevel1Keyword></ScienceKeyword><ScienceKeyword>
<CategoryKeyword>EARTH SCIENCE</CategoryKeyword>
<TopicKeyword>ATMOSPHERE</TopicKeyword>
<TermKeyword>ATMOSPHERIC WATER VAPOR</TermKeyword><VariableLevel1Keyword>
<Value>WATER VAPOR PROFILES</Value></VariableLevel1Keyword></ScienceKeyword><ScienceKeyword>
<CategoryKeyword>EARTH SCIENCE</CategoryKeyword>
<TopicKeyword>ATMOSPHERE</TopicKeyword>
<TermKeyword>ATMOSPHERIC WINDS</TermKeyword><VariableLevel1Keyword>
<Value>SURFACE WINDS</Value></VariableLevel1Keyword></ScienceKeyword><ScienceKeyword>
<CategoryKeyword>EARTH SCIENCE</CategoryKeyword>
<TopicKeyword>ATMOSPHERE</TopicKeyword>
<TermKeyword>PRECIPITATION</TermKeyword><VariableLevel1Keyword>
<Value>PRECIPITATION AMOUNT</Value></VariableLevel1Keyword></ScienceKeyword><ScienceKeyword>
<CategoryKeyword>EARTH SCIENCE</CategoryKeyword>
<TopicKeyword>ATMOSPHERE</TopicKeyword>
<TermKeyword>PRECIPITATION</TermKeyword><VariableLevel1Keyword>
<Value>PRECIPITATION RATE</Value></VariableLevel1Keyword></ScienceKeyword></ScienceKeywords><Platforms><Platform>
<ShortName>GCOM-W1</ShortName>
<LongName>GCOM-W1</LongName>
<Type>SATELLITE</Type><Instruments><Instrument>
<ShortName>AMSR2</ShortName><Sensors><Sensor>
<ShortName>AMSR2</ShortName></Sensor></Sensors></Instrument></Instruments></Platform></Platforms>
<AdditionalAttributes>
<AdditionalAttribute>
<Name>identifier_product_doi</Name>
<DataType>STRING</DataType>
<Description>product DOI</Description>
<Value>10.5067/AMSR2/A2_RainOcn_NRT</Value>
</AdditionalAttribute>
<AdditionalAttribute>
<Name>identifier_product_doi_authority</Name>
<DataType>STRING</DataType>
<Description>DOI authority</Description>
<Value>http://dx.doi.org</Value>
</AdditionalAttribute>
<AdditionalAttribute>
<Name>AscendingDescendingFlg</Name>
<DataType>STRING</DataType>
<Description>flag to indicate ascending or descending</Description>
<Value>Ascending and Descending</Value>
</AdditionalAttribute>
</AdditionalAttributes>
<Campaigns><Campaign>
<ShortName>LANCE</ShortName></Campaign></Campaigns><OnlineAccessURLs><OnlineAccessURL>
<URL>https://lance.nsstc.nasa.gov/amsr2-science/data/level2/rainocean/</URL><URLDescription></URLDescription><MimeType></MimeType></OnlineAccessURL></OnlineAccessURLs><OnlineResources><OnlineResource>
<URL>https://lance.itsc.uah.edu/amsr2-science/data/level2/rainocean/</URL><Description></Description>
<Type>Alternate Data Access</Type></OnlineResource><OnlineResource>
<URL>https://lance.nsstc.nasa.gov/amsr2-science/browse_png/level2/rainocean/</URL><Description></Description>
<Type>Browse</Type></OnlineResource><OnlineResource>
<URL>https://worldview.earthdata.nasa.gov/</URL><Description></Description>
<Type>Worldview Imagery</Type></OnlineResource><OnlineResource>
<URL>http://lance.nsstc.nasa.gov/</URL><Description></Description>
<Type>Homepage</Type></OnlineResource><OnlineResource>
<URL>http://dx.doi.org/10.5067/AMSR2/A2_RainOcn_NRT</URL><Description></Description>
<Type>DOI</Type></OnlineResource><OnlineResource>
<URL>http://ghrc.nsstc.nasa.gov/uso/citation.html</URL><Description></Description>
<Type>Citing GHRC Data</Type></OnlineResource></OnlineResources><AssociatedDIFs><DIF>
<EntryId>PYCMR_TEST</EntryId></DIF></AssociatedDIFs><Spatial><SpatialCoverageType>Horizontal</SpatialCoverageType><HorizontalSpatialDomain><Geometry>
<CoordinateSystem>CARTESIAN</CoordinateSystem><BoundingRectangle>
<WestBoundingCoordinate>-180</WestBoundingCoordinate>
<NorthBoundingCoordinate>90</NorthBoundingCoordinate>
<EastBoundingCoordinate>180</EastBoundingCoordinate>
<SouthBoundingCoordinate>-90</SouthBoundingCoordinate></BoundingRectangle></Geometry></HorizontalSpatialDomain>
<GranuleSpatialRepresentation>NO_SPATIAL</GranuleSpatialRepresentation></Spatial>
<MetadataStandardName>ECHO</MetadataStandardName>
<MetadataStandardVersion>10</MetadataStandardVersion>
</Collection>